<?xml version="1.0" encoding="UTF-8"?>
<testng-results ignored="0" total="1" passed="1" failed="0" skipped="0">
  <reporter-output>
  </reporter-output>
  <suite started-at="2023-10-04T11:08:12 IST" name="Suite" finished-at="2023-10-04T11:09:36 IST" duration-ms="83890">
    <groups>
    </groups>
    <test started-at="2023-10-04T11:08:12 IST" name="Test" finished-at="2023-10-04T11:09:36 IST" duration-ms="83890">
      <class name="MultipleRegisteration.FiftyUsers">
        <test-method signature="f()[pri:0, instance:MultipleRegisteration.FiftyUsers@505fc5a4]" started-at="2023-10-04T11:08:12 IST" name="f" finished-at="2023-10-04T11:09:36 IST" duration-ms="83820" status="PASS">
          <reporter-output>
          </reporter-output>
        </test-method> <!-- f -->
      </class> <!-- MultipleRegisteration.FiftyUsers -->
    </test> <!-- Test -->
  </suite> <!-- Suite -->
</testng-results>
